#run_number flow_rate run_grade duraiton hv_ch0 hv_ch1 hv_ch2 hv_ch3 hv_ch4 hv_ch5 hv_ch6 hv_ch7 recbe_dac_bd0 recbe_dac_bd1 recbe_dac_bd2 recbe_dac_bd3 recbe_dac_bd4 recbe_dac_bd5 recbe_dac_bd6 recbe_dac_bd7 recbe_th_bd0 recbe_th_bd1 recbe_th_bd2 recbe_th_bd3 recbe_th_bd4 recbe_th_bd5 recbe_th_bd6 recbe_th_bd7 recbe_th_input_bd0 recbe_th_input_bd1 recbe_th_input_bd2 recbe_th_input_bd3 recbe_th_input_bd4 recbe_th_input_bd5 recbe_th_input_bd6 recbe_th_input_bd7
009992 100  10 9 0:00: 1850 1850 1850 1850 1850 1850 1850 1850 3650 3650 3650 3650 3650 3650 3650 3650 28.0000 28.0000 28.0000 28.0000 28.0000 28.0000 28.0000 28.0000 28 28 28 28 28 28 28 28
009991 100  10 2 0:00: 1850 1850 1850 1850 1850 1850 1850 1850 3650 3650 3650 3650 3650 3650 3650 3650 28.0000 28.0000 28.0000 28.0000 28.0000 28.0000 28.0000 28.0000 28 28 28 28 28 28 28 28
009990 100  10 3 0:00:    0    0    0    0    0    0    0    0 3650 3650 3650 3650 3650 3650 3650 3650 28.0000 28.0000 28.0000 28.0000 28.0000 28.0000 28.0000 28.0000 28 28 28 28 28 28 28 28
009989 100  10 4 0:00: 1850 1850 1850 1850 1850 1850 1850 1850 3650 3650 3650 3650 3650 3650 3650 3650 28.0000 28.0000 28.0000 28.0000 28.0000 28.0000 28.0000 28.0000 28 28 28 28 28 28 28 28
009988 100  10 8 0:00: 1850 1850 1850 1850 1850 1850 1850 1850 3650 3650 3650 3650 3650 3650 3650 3650 28.0000 28.0000 28.0000 28.0000 28.0000 28.0000 28.0000 28.0000 28 28 28 28 28 28 28 28
009988 100 10 0:00:12 1850 1850 1850 1850 1850 1850 1850 1850 3650 3650 3650 3650 3650 3650 3650 3650 28.0000 28.0000 28.0000 28.0000 28.0000 28.0000 28.0000 28.0000 28 28 28 28 28 28 28 28
009988 100 50 1010 0:00:12 0:00:12 1850 1850 1850 1850 1850 1850 1850 1850 3650 3650 3650 3650 3650 3650 3650 3650 28.0000 28.0000 28.0000 28.0000 28.0000 28.0000 28.0000 28.0000 28 28 28 28 28 28 28 28
009987 50 10 0:00:12    0    0    0    0    0    0    0    0          0.0000  0.0000  0.0000  0.0000  0.0000  0.0000  0.0000  0.0000  0  0  0  0  0  0  0  0
000099 100 10 0:00:33    0    0    0    0    0    0    0    0          0.0000  0.0000  0.0000  0.0000  0.0000  0.0000  0.0000  0.0000  0  0  0  0  0  0  0  0
000999 100 10 0:00:33    0    0    0    0    0    0    0    0          0.0000  0.0000  0.0000  0.0000  0.0000  0.0000  0.0000  0.0000  0  0  0  0  0  0  0  0
009999 100 10 0:00:33    0    0    0    0    0    0    0    0 3650 3650 3650 3650 3650 3650 3650 3650 28.0000 28.0000 28.0000 28.0000 28.0000 28.0000 28.0000 28.0000 28 28 28 28 28 28 28 28
000000 100 10 0:00:33    0    0    0    0    0    0    0    0 3650 3650 3650 3650 3650 3650 3650 3650 28.0000 28.0000 28.0000 28.0000 28.0000 28.0000 28.0000 28.0000 28 28 28 28 28 28 28 28
000000 100 10 0:00:33    0    0    0    0    0    0    0    0 3650 3650 3650 3650 3650 3650 3650 3650 28.0000 28.0000 28.0000 28.0000 28.0000 28.0000 28.0000 28.0000 28 28 28 28 28 28 28 28
100001 100 10 0:00:22 1850 1850 1850 1850 1850 1850 1850 1850 3650 3650 3650 3650 3650 3650 3650 3650 28.0000 28.0000 28.0000 28.0000 28.0000 28.0000 28.0000 28.0000 28 28 28 28 28 28 28 28
000520  0    0    0    0    0    0    0    0    0          0.0000  0.0000  0.0000  0.0000  0.0000  0.0000  0.0000  0.0000  0  0  0  0  0  0  0  0
004097  0    0    0    0    0    0    0    0    0          0.0000  0.0000  0.0000  0.0000  0.0000  0.0000  0.0000  0.0000  0  0  0  0  0  0  0  0
010002 100 10 0:00:14 1850 1850 1850 1850 1850 1850 1850 1850 3650 3650 3650 3650 3650 3650 3650 3650 28.0000 28.0000 28.0000 28.0000 28.0000 28.0000 28.0000 28.0000 28 28 28 28 28 28 28 28
010003 100 10 0:00:11 1850 1850 1850 1850 1850 1850 1850 1850 3600 3600 3600 3600 3600 3600 3600 3600  0.0000  0.0000  0.0000  0.0000  0.0000  0.0000  0.0000  0.0000  0  0  0  0  0  0  0  0
001011 100  3 0:19:00 1850 1850 1850 1850 1850 1850 1850 1850 3600 3600 3600 3600 3600 3600 3600 3600  0.0000  0.0000  0.0000  0.0000  0.0000  0.0000  0.0000  0.0000  0  0  0  0  0  0  0  0
001012 100  3 15:28:25 1850 1850 1850 1850 1850 1850 1850 1850 3600 3600 3600 3600 3600 3600 3600 3600  0.0000  0.0000  0.0000  0.0000  0.0000  0.0000  0.0000  0.0000  0  0  0  0  0  0  0  0
010004 100 10 0:00:19 1850 1850 1850 1850 1850 1850 1850 1850 3600 3600 3600 3600 3600 3600 3600 3600  0.0000  0.0000  0.0000  0.0000  0.0000  0.0000  0.0000  0.0000  0  0  0  0  0  0  0  0
010005 100 10 0:00:28 1850 1850 1850 1850 1850 1850 1850 1850 3600 3600 3600 3600 3600 3600 3600 3600  0.0000  0.0000  0.0000  0.0000  0.0000  0.0000  0.0000  0.0000  0  0  0  0  0  0  0  0
010006 100 10 0:00:16 1850 1850 1850 1850 1850 1850 1850 1850 3600 3600 3600 3600 3600 3600 3600 3600  0.0000  0.0000  0.0000  0.0000  0.0000  0.0000  0.0000  0.0000  0  0  0  0  0  0  0  0
000060 100  1 0:12:23 1850 1850 1850 1850 1850 1850 1850 1850 3600 3600 3600 3600 3600 3600 3600 3600  0.0000  0.0000  0.0000  0.0000  0.0000  0.0000  0.0000  0.0000  0  0  0  0  0  0  0  0
000061 100  1 26:00:45 1850 1850 1850 1850 1850 1850 1850 1850 3600 3600 3600 3600 3600 3600 3600 3600  0.0000  0.0000  0.0000  0.0000  0.0000  0.0000  0.0000  0.0000  0  0  0  0  0  0  0  0
000062 100  1 25:24:23 1850 1850 1850 1850 1850 1850 1850 1850 3600 3600 3600 3600 3600 3600 3600 3600  0.0000  0.0000  0.0000  0.0000  0.0000  0.0000  0.0000  0.0000  0  0  0  0  0  0  0  0
000063 100  1 26:09:53 1800 1800 1800 1800 1850 1850 1850 1850 3600 3600 3600 3600 3600 3600 3600 3600  0.0000  0.0000  0.0000  0.0000  0.0000  0.0000  0.0000  0.0000  0  0  0  0  0  0  0  0
000064 100  2 4:18:00 1800 1800 1800 1800 1850 1850 1850 1850 3600 3600 3600 3600 3600 3600 3600 3600  0.0000  0.0000  0.0000  0.0000  0.0000  0.0000  0.0000  0.0000  0  0  0  0  0  0  0  0
000065 100  1 18:28:23 1800 1800 1800 1800 1850 1850 1850 1850 3600 3600 3600 3600 3600 3600 3600 3600  0.0000  0.0000  0.0000  0.0000  0.0000  0.0000  0.0000  0.0000  0  0  0  0  0  0  0  0
000066 100  1 -695:-53:-30 1750 1750 1750 1750 1850 1850 1850 1850 3600 3600 3600 3600 3600 3600 3600 3600  0.0000  0.0000  0.0000  0.0000  0.0000  0.0000  0.0000  0.0000  0  0  0  0  0  0  0  0
000067 100  1 27:21:14 1700 1700 1700 1700 1850 1850 1850 1850 3600 3600 3600 3600 3600 3600 3600 3600  0.0000  0.0000  0.0000  0.0000  0.0000  0.0000  0.0000  0.0000  0  0  0  0  0  0  0  0
010007 000100000 10 0:00:28 1485175438 1485175438 1485175438 1485175438 1485175438 1485175438 1485175438 1485175438 3622 3646 3601 3601 3616 3612 3616 3616 36.0000 35.0000 35.0000 35.0000 35.0000 36.0000 35.0000 36.0000 36 35 35 35 35 36 35 36
000068 000100000  5 0:04:50 1485177998 1485177998 1485177998 1485177998 1485177998 1485177998 1485177998 1485177998 3622 3646 3601 3601 3616 3612 3616 3616 36.0000 35.0000 35.0000 35.0000 35.0000 36.0000 35.0000 36.0000 36 35 35 35 35 36 35 36
